<?xml version="1.0" encoding="UTF-8"?>
<testng-results skipped="0" failed="0" total="1" passed="1">
  <reporter-output>
  </reporter-output>
  <suite name="Suite" duration-ms="8785" started-at="2018-08-30T23:56:09Z" finished-at="2018-08-30T23:56:18Z">
    <groups>
    </groups>
    <test name="Test" duration-ms="8785" started-at="2018-08-30T23:56:09Z" finished-at="2018-08-30T23:56:18Z">
      <class name="NewTest">
        <test-method status="PASS" signature="beforeClass()[pri:0, instance:NewTest@dfd3711]" name="beforeClass" is-config="true" duration-ms="3702" started-at="2018-08-30T19:56:09Z" finished-at="2018-08-30T19:56:13Z">
          <reporter-output>
          </reporter-output>
        </test-method> <!-- beforeClass -->
        <test-method status="PASS" signature="openMyBlog()[pri:0, instance:NewTest@dfd3711]" name="openMyBlog" duration-ms="3744" started-at="2018-08-30T19:56:13Z" finished-at="2018-08-30T19:56:17Z">
          <reporter-output>
          </reporter-output>
        </test-method> <!-- openMyBlog -->
        <test-method status="PASS" signature="afterClass()[pri:0, instance:NewTest@dfd3711]" name="afterClass" is-config="true" duration-ms="1322" started-at="2018-08-30T19:56:17Z" finished-at="2018-08-30T19:56:18Z">
          <reporter-output>
          </reporter-output>
        </test-method> <!-- afterClass -->
      </class> <!-- NewTest -->
    </test> <!-- Test -->
  </suite> <!-- Suite -->
</testng-results>
