<?xml version="1.0" encoding="UTF-8"?>
<testng-results skipped="0" failed="0" total="1" passed="1">
  <reporter-output>
  </reporter-output>
  <suite name="Default suite" duration-ms="13989" started-at="2018-08-30T23:14:06Z" finished-at="2018-08-30T23:14:20Z">
    <groups>
    </groups>
    <test name="Default test" duration-ms="13989" started-at="2018-08-30T23:14:06Z" finished-at="2018-08-30T23:14:20Z">
      <class name="NewTest">
        <test-method status="PASS" signature="beforeClass()[pri:0, instance:NewTest@cc285f4]" name="beforeClass" is-config="true" duration-ms="8376" started-at="2018-08-30T19:14:06Z" finished-at="2018-08-30T19:14:14Z">
          <reporter-output>
          </reporter-output>
        </test-method> <!-- beforeClass -->
        <test-method status="PASS" signature="openMyBlog()[pri:0, instance:NewTest@cc285f4]" name="openMyBlog" duration-ms="4059" started-at="2018-08-30T19:14:14Z" finished-at="2018-08-30T19:14:18Z">
          <reporter-output>
          </reporter-output>
        </test-method> <!-- openMyBlog -->
        <test-method status="PASS" signature="afterClass()[pri:0, instance:NewTest@cc285f4]" name="afterClass" is-config="true" duration-ms="1520" started-at="2018-08-30T19:14:18Z" finished-at="2018-08-30T19:14:20Z">
          <reporter-output>
          </reporter-output>
        </test-method> <!-- afterClass -->
      </class> <!-- NewTest -->
    </test> <!-- Default test -->
  </suite> <!-- Default suite -->
</testng-results>
